app/proguard-rules.pro
# Add project specific ProGuard rules here.
# By default, the flags in this file are appended to flags specified
# in C:\Android\sdk/tools/proguard/proguard-android.txt
# You can edit the include path and order by changing the proguardFiles
# directive in build.gradle.
#
# For more details, see
#   http://developer.android.com/guide/developing/tools/proguard.html

# Add any project specific keep options here:

# If your project uses WebView with JS, uncomment the following
# and specify the fully qualified class name to the JavaScript interface
# class:
#-keepclassmembers class fqcn.of.javascript.interface.for.webview {
#   public *;
#}


-keep class br.com.mauker.MsvAuthority
-keepclassmembers class br.com.mauker.** { *; }


# Platform calls Class.forName on types which do not exist on Android to determine platform.
-dontnote retrofit2.Platform
# Platform used when running on RoboVM on iOS. Will not be used at runtime.
-dontnote retrofit2.Platform$IOS$MainThreadExecutor
# Platform used when running on Java 8 VMs. Will not be used at runtime.
-dontwarn retrofit2.Platform$Java8
# Retain generic type information for use by reflection by converters and adapters.
-keepattributes Signature
# Retain declared checked exceptions for use by a Proxy instance.
-keepattributes Exceptions

-keep class org.jsoup.**

-assumenosideeffects class android.util.Log {
    public static *** d(...);
    public static *** v(...);
    public static *** i(...);
    public static *** w(...);
    public static *** e(...);
}

-dontwarn com.franmontiel.persistentcookiejar.**
-keep class com.franmontiel.persistentcookiejar.**

-keepclassmembers class * implements java.io.Serializable {
    static final long serialVersionUID;
    private static final java.io.ObjectStreamField[] serialPersistentFields;
    !static !transient <fields>;
    private void writeObject(java.io.ObjectOutputStream);
    private void readObject(java.io.ObjectInputStream);
    java.lang.Object writeReplace();
    java.lang.Object readResolve();
}

-dontwarn okio.**
-dontwarn javax.annotation.**
-dontwarn com.squareup.okhttp.**