app/build/outputs/mapping/release/seeds.txt
com.constantlab.wpconnect.R$anim: int abc_fade_in
com.constantlab.wpconnect.R$anim: int abc_fade_out
com.constantlab.wpconnect.R$anim: int abc_grow_fade_in_from_bottom
com.constantlab.wpconnect.R$anim: int abc_popup_enter
com.constantlab.wpconnect.R$anim: int abc_popup_exit
com.constantlab.wpconnect.R$anim: int abc_shrink_fade_out_from_bottom
com.constantlab.wpconnect.R$anim: int abc_slide_in_bottom
com.constantlab.wpconnect.R$anim: int abc_slide_in_top
com.constantlab.wpconnect.R$anim: int abc_slide_out_bottom
com.constantlab.wpconnect.R$anim: int abc_slide_out_top
com.constantlab.wpconnect.R$anim: int decelerate_cubic
com.constantlab.wpconnect.R$anim: int design_bottom_sheet_slide_in
com.constantlab.wpconnect.R$anim: int design_bottom_sheet_slide_out
com.constantlab.wpconnect.R$anim: int design_snackbar_in
com.constantlab.wpconnect.R$anim: int design_snackbar_out
com.constantlab.wpconnect.R$anim: int popup_enter
com.constantlab.wpconnect.R$anim: int popup_exit
com.constantlab.wpconnect.R$anim: int tooltip_enter
com.constantlab.wpconnect.R$anim: int tooltip_exit
com.constantlab.wpconnect.R$animator: int design_appbar_state_list_animator
com.constantlab.wpconnect.R$attr: int actionBarDivider
com.constantlab.wpconnect.R$attr: int actionBarItemBackground
com.constantlab.wpconnect.R$attr: int actionBarPopupTheme
com.constantlab.wpconnect.R$attr: int actionBarSize
com.constantlab.wpconnect.R$attr: int actionBarSplitStyle
com.constantlab.wpconnect.R$attr: int actionBarStyle
com.constantlab.wpconnect.R$attr: int actionBarTabBarStyle
com.constantlab.wpconnect.R$attr: int actionBarTabStyle
com.constantlab.wpconnect.R$attr: int actionBarTabTextStyle
com.constantlab.wpconnect.R$attr: int actionBarTheme
com.constantlab.wpconnect.R$attr: int actionBarWidgetTheme
com.constantlab.wpconnect.R$attr: int actionButtonStyle
com.constantlab.wpconnect.R$attr: int actionDropDownStyle
com.constantlab.wpconnect.R$attr: int actionLayout
com.constantlab.wpconnect.R$attr: int actionMenuTextAppearance
com.constantlab.wpconnect.R$attr: int actionMenuTextColor
com.constantlab.wpconnect.R$attr: int actionModeBackground
com.constantlab.wpconnect.R$attr: int actionModeCloseButtonStyle
com.constantlab.wpconnect.R$attr: int actionModeCloseDrawable
com.constantlab.wpconnect.R$attr: int actionModeCopyDrawable
com.constantlab.wpconnect.R$attr: int actionModeCutDrawable
com.constantlab.wpconnect.R$attr: int actionModeFindDrawable
com.constantlab.wpconnect.R$attr: int actionModePasteDrawable
com.constantlab.wpconnect.R$attr: int actionModePopupWindowStyle
com.constantlab.wpconnect.R$attr: int actionModeSelectAllDrawable
com.constantlab.wpconnect.R$bool: int abc_action_bar_embed_tabs
com.constantlab.wpconnect.R$bool: int abc_allow_stacked_button_bar
com.constantlab.wpconnect.R$bool: int abc_config_actionMenuItemAllCaps
com.constantlab.wpconnect.R$bool: int abc_config_closeDialogWhenTouchOutside
com.constantlab.wpconnect.R$bool: int abc_config_showMenuShortcutsWhenKeyboardPresent
com.constantlab.wpconnect.R$bool: int md_is_tablet
...
android.support.coreutils.R$dimen: int compat_button_inset_horizontal_material
android.support.coreutils.R$dimen: int compat_button_inset_vertical_material
android.support.coreutils.R$dimen: int compat_button_padding_horizontal_material
android.support.coreutils.R$dimen: int compat_button_padding_vertical_material
android.support.coreutils.R$dimen: int compat_control_corner_material
android.support.coreutils.R$dimen: int notification_action_icon_size
android.support.coreutils.R$dimen: int notification_action_text_size
android.support.coreutils.R$dimen: int notification_big_circle_margin
android.support.coreutils.R$dimen: int notification_content_margin_start
android.support.coreutils.R$dimen: int notification_large_icon_height
android.support.coreutils.R$dimen: int notification_large_icon_width
android.support.coreutils.R$dimen: int notification_main_column_padding_top
android.support.coreutils.R$dimen: int notification_media_narrow_margin
android.support.coreutils.R$dimen: int notification_right_icon_size
android.support.coreutils.R$dimen: int notification_right_side_padding_top
android.support.coreutils.R$dimen: int notification_small_icon_background_padding
android.support.coreutils.R$dimen: int notification_small_icon_size_as_large
android.support.coreutils.R$dimen: int notification_subtext_size
android.support.coreutils.R$dimen: int notification_top_pad
android.support.coreutils.R$dimen: int notification_top_pad_large_text
android.support.coreutils.R$drawable: int notification_action_background
android.support.coreutils.R$drawable: int notification_bg
android.support.coreutils.R$drawable: int notification_bg_low
android.support.coreutils.R$drawable: int notification_bg_low_normal
android.support.coreutils.R$drawable: int notification_bg_low_pressed
android.support.coreutils.R$drawable: int notification_bg_normal
android.support.coreutils.R$drawable: int notification_bg_normal_pressed
android.support.coreutils.R$drawable: int notification_icon_background
android.support.coreutils.R$drawable: int notification_template_icon_bg
android.support.coreutils.R$drawable: int notification_template_icon_low_bg
android.support.coreutils.R$drawable: int notification_tile_bg
android.support.coreutils.R$drawable: int notify_panel_notification_icon_bg
android.support.coreutils.R$id: int action_container
android.support.coreutils.R$id: int action_divider
android.support.coreutils.R$id: int action_image
android.support.coreutils.R$id: int action_text
android.support.coreutils.R$id: int actions
android.support.coreutils.R$id: int async
android.support.coreutils.R$id: int blocking
android.support.coreutils.R$id: int chronometer
android.support.coreutils.R$id: int forever
android.support.coreutils.R$id: int icon
android.support.coreutils.R$id: int icon_group
android.support.coreutils.R$id: int info
android.support.coreutils.R$id: int italic
android.support.coreutils.R$id: int line1
android.support.coreutils.R$id: int line3
android.support.coreutils.R$id: int normal
android.support.coreutils.R$id: int notification_background
android.support.coreutils.R$id: int notification_main_column
android.support.coreutils.R$id: int notification_main_column_container
android.support.coreutils.R$id: int right_icon
android.support.coreutils.R$id: int right_side
android.support.coreutils.R$id: int text
android.support.coreutils.R$id: int text2
android.support.coreutils.R$id: int time
android.support.coreutils.R$id: int title
android.support.coreutils.R$integer: int status_bar_notification_info_maxnum
android.support.coreutils.R$layout: int notification_action
android.support.coreutils.R$layout: int notification_action_tombstone
android.support.coreutils.R$layout: int notification_template_custom_big
android.support.coreutils.R$layout: int notification_template_icon_group
android.support.coreutils.R$layout: int notification_template_part_chronometer
android.support.coreutils.R$layout: int notification_template_part_time