app/build/outputs/mapping/release/mapping.txt
com.constantlab.wpconnect.application.ApplicationMain -> com.constantlab.wpconnect.application.ApplicationMain:
    com.constantlab.wpconnect.core.data.model.User user -> a
    java.util.List favoritePosts -> b
    java.util.List mSocialFavorites -> c
    java.lang.String token -> d
    void <init>() -> <init>
    void onCreate() -> onCreate
    void checkForToken() -> a
    void checkForFavorites() -> b
com.constantlab.wpconnect.application.ApplicationMain$1 -> com.constantlab.wpconnect.application.ApplicationMain$1:
    com.constantlab.wpconnect.application.ApplicationMain this$0 -> a
    void <init>(com.constantlab.wpconnect.application.ApplicationMain) -> <init>
com.constantlab.wpconnect.application.ApplicationMain$2 -> com.constantlab.wpconnect.application.ApplicationMain$2:
    com.constantlab.wpconnect.application.ApplicationMain this$0 -> a
    void <init>(com.constantlab.wpconnect.application.ApplicationMain) -> <init>
com.constantlab.wpconnect.application.ApplicationMain$CrashReportingTree -> com.constantlab.wpconnect.application.ApplicationMain$a:
    void <init>() -> <init>
    void log(int,java.lang.String,java.lang.String,java.lang.Throwable) -> a
    void <init>(com.constantlab.wpconnect.application.ApplicationMain$1) -> <init>
com.constantlab.wpconnect.core.data.DataManager -> com.constantlab.wpconnect.a.a.a:
    com.constantlab.wpconnect.core.data.DataManager sInstance -> a
    com.constantlab.wpconnect.core.data.network.WpConnectService mWpConnectService -> b
    void <init>(android.content.Context) -> <init>
    com.constantlab.wpconnect.core.data.DataManager getInstance(android.content.Context) -> a
    void loginWithWordress(java.lang.String,java.lang.String,com.constantlab.wpconnect.core.data.network.RemoteCallback) -> a
    void getPosts(java.lang.Long,java.lang.Integer,java.lang.Integer,com.constantlab.wpconnect.core.data.network.RemoteCallback) -> a
    void getCategories(java.lang.Integer,java.lang.Integer,com.constantlab.wpconnect.core.data.network.RemoteCallback) -> a
    void getSearchResults(java.lang.Integer,java.lang.Integer,java.lang.String,com.constantlab.wpconnect.core.data.network.RemoteCallback) -> a
    void getInstagramPosts(java.lang.String,java.lang.String,com.constantlab.wpconnect.core.data.network.RemoteCallback) -> b
    void getInstagramPosts(java.lang.String,com.constantlab.wpconnect.core.data.network.RemoteCallback) -> a
    void getFacebookPosts(java.lang.String,java.lang.String,com.constantlab.wpconnect.core.data.network.RemoteCallback) -> c
    void getFacebookPosts(java.lang.String,com.constantlab.wpconnect.core.data.network.RemoteCallback) -> b
    void getFeaturedPosts(int,com.constantlab.wpconnect.core.data.network.RemoteCallback) -> a
com.constantlab.wpconnect.core.data.model.Author -> com.constantlab.wpconnect.a.a.a.a:
    android.os.Parcelable$Creator CREATOR -> CREATOR
    java.lang.String id -> a
    java.lang.String name -> b
    java.lang.String email -> c
    java.lang.String image -> d
    void <init>(android.os.Parcel) -> <init>
    void <init>() -> <init>
    void setId(java.lang.String) -> a
    void setName(java.lang.String) -> b
    void setImage(java.lang.String) -> c
    int describeContents() -> describeContents
    void writeToParcel(android.os.Parcel,int) -> writeToParcel
    void <clinit>() -> <clinit>
com.constantlab.wpconnect.core.data.model.Author$1 -> com.constantlab.wpconnect.a.a.a.a$1:
    void <init>() -> <init>
    com.constantlab.wpconnect.core.data.model.Author createFromParcel(android.os.Parcel) -> a
    com.constantlab.wpconnect.core.data.model.Author[] newArray(int) -> a
    java.lang.Object[] newArray(int) -> newArray
    java.lang.Object createFromParcel(android.os.Parcel) -> createFromParcel
...
com.google.android.gms.iid.zzj -> com.google.android.gms.b.b:
    com.google.android.gms.iid.zzi zza(android.os.IBinder) -> a
    boolean onTransact(int,android.os.Parcel,android.os.Parcel,int) -> onTransact
com.google.android.gms.iid.zzk -> com.google.android.gms.b.c:
    void <init>(android.os.IBinder) -> <init>
    void zza(android.os.Message) -> a
com.google.android.gms.internal.zza -> com.google.android.gms.internal.a:
    void <init>() -> <init>
    void <init>(com.google.android.gms.internal.zzp) -> <init>
com.google.android.gms.internal.zzaa -> com.google.android.gms.internal.b:
    void zza(com.google.android.gms.internal.zzr,com.google.android.gms.internal.zzx) -> a
    void zza(com.google.android.gms.internal.zzr,com.google.android.gms.internal.zzx,java.lang.Runnable) -> a
    void zza(com.google.android.gms.internal.zzr,com.google.android.gms.internal.zzae) -> a
com.google.android.gms.internal.zzaaa -> com.google.android.gms.internal.c:
    com.google.android.gms.internal.zzpo zza -> a
    com.google.android.gms.internal.zzzy zzb -> b
    void <init>(com.google.android.gms.internal.zzzy,com.google.android.gms.internal.zzpo) -> <init>
    void zza(java.lang.Object,java.util.Map) -> zza
com.google.android.gms.internal.zzaab -> com.google.android.gms.internal.d:
    java.lang.String zza -> a
    java.lang.Integer zzb -> b
    java.lang.Integer zzc -> c
    int zzd -> d
    int zze -> e
    int zzf -> f
    int zzg -> g
    boolean zzh -> h
    void <init>(com.google.android.gms.internal.zzzy,java.lang.String,java.lang.Integer,java.lang.Integer,int,int,int,int,boolean) -> <init>
    java.lang.Object zza(java.lang.Object) -> a
com.google.android.gms.internal.zzaac -> com.google.android.gms.internal.e:
    boolean zza -> a
    double zzb -> b
    boolean zzc -> c
    java.lang.String zzd -> d
    com.google.android.gms.internal.zzzy zze -> e
    void <init>(com.google.android.gms.internal.zzzy,boolean,double,boolean,java.lang.String) -> <init>
    com.google.android.gms.internal.zzpj zzb(java.io.InputStream) -> b
    java.lang.Object zza() -> a
    java.lang.Object zza(java.io.InputStream) -> a
com.google.android.gms.internal.zzaad -> com.google.android.gms.internal.f:
    java.util.concurrent.atomic.AtomicInteger zza -> a
    int zzb -> b
    com.google.android.gms.internal.zzamd zzc -> c
    java.util.List zzd -> d
    void <init>(java.util.concurrent.atomic.AtomicInteger,int,com.google.android.gms.internal.zzamd,java.util.List) -> <init>
    void run() -> run
com.google.android.gms.internal.zzaae -> com.google.android.gms.internal.g:
    com.google.android.gms.internal.zzpx zza(com.google.android.gms.internal.zzzy,org.json.JSONObject) -> a
com.google.android.gms.internal.zzaaf -> com.google.android.gms.internal.h:
    java.lang.Object zza -> a
    android.content.Context zzb -> b
    com.google.android.gms.internal.zzcv zzc -> c
    com.google.android.gms.internal.zzahe zzd -> d
    com.google.android.gms.internal.zzov zze -> e
    com.google.android.gms.ads.internal.zzbb zzf -> f
    android.view.ViewTreeObserver$OnGlobalLayoutListener zzg -> g
    android.view.ViewTreeObserver$OnScrollChangedListener zzh -> h
    android.util.DisplayMetrics zzi -> i
    com.google.android.gms.internal.zzake zzj -> j
    int zzk -> k
    int zzl -> l
    void <init>(android.content.Context,com.google.android.gms.internal.zzcv,com.google.android.gms.internal.zzahe,com.google.android.gms.internal.zzov,com.google.android.gms.ads.internal.zzbb) -> <init>
    void zza(java.lang.ref.WeakReference,boolean) -> a
    void zza(org.json.JSONObject,com.google.android.gms.internal.zzamd) -> a
    void zza(com.google.android.gms.internal.zzamd,com.google.android.gms.internal.zzaof,boolean) -> a
    com.google.android.gms.ads.internal.zzbb zza(com.google.android.gms.internal.zzaaf) -> a
    void zza(com.google.android.gms.internal.zzaaf,java.lang.ref.WeakReference,boolean) -> a