app/build/outputs/mapping/release/usage.txt
com.constantlab.wpconnect.BuildConfig
com.constantlab.wpconnect.Manifest
com.constantlab.wpconnect.Manifest$permission
com.constantlab.wpconnect.R
com.constantlab.wpconnect.R$anim
com.constantlab.wpconnect.R$animator
com.constantlab.wpconnect.R$attr
com.constantlab.wpconnect.R$bool
com.constantlab.wpconnect.R$color
com.constantlab.wpconnect.R$dimen
com.constantlab.wpconnect.R$drawable
com.constantlab.wpconnect.R$id
com.constantlab.wpconnect.R$integer
com.constantlab.wpconnect.R$layout
com.constantlab.wpconnect.R$menu
com.constantlab.wpconnect.R$mipmap
com.constantlab.wpconnect.R$string
com.constantlab.wpconnect.R$style
com.constantlab.wpconnect.R$styleable
com.constantlab.wpconnect.core.config.Config
com.constantlab.wpconnect.core.data.Constants
com.constantlab.wpconnect.core.data.DataManager:
    119:120:public void getNavigation(java.lang.String,com.constantlab.wpconnect.core.data.network.RemoteCallback)
com.constantlab.wpconnect.core.data.model.Author:
    36:36:public java.lang.String getId()
    44:44:public java.lang.String getName()
    52:52:public java.lang.String getEmail()
    56:57:public void setEmail(java.lang.String)
    60:60:public java.lang.String getImage()
com.constantlab.wpconnect.core.data.model.Category:
    29:33:public Category(long,java.lang.String,java.lang.String)
    35:38:public Category(long,java.lang.String)
    60:60:public java.lang.String getImage()
    64:65:public void setImage(java.lang.String)
    76:76:public java.lang.String getDescription()
com.constantlab.wpconnect.core.data.model.Comment:
    15:15:public long getCommentID()
    40:40:public java.lang.String getDate()
com.constantlab.wpconnect.core.data.model.Image:
    34:34:public java.lang.String getId()
    38:39:public void setId(java.lang.String)
    50:50:public java.lang.String getCaption()
    54:55:public void setCaption(java.lang.String)
com.constantlab.wpconnect.core.data.model.Post:
    137:137:public java.lang.String getPostModifiedDate()
    141:142:public void setPostModifiedDate(java.lang.String)
    177:177:public com.constantlab.wpconnect.core.data.model.Author getAuthor()
com.constantlab.wpconnect.core.data.model.Social:
    public static final int SOCIAL_FACEBOOK
    public static final int SOCIAL_INSTAGRAM
    44:44:public java.lang.String getCaptionUsername()
    68:68:public java.lang.String getUserName()
    76:76:public java.lang.String getUserProfilePhotoUrl()
    108:108:public java.lang.String getLink()
    124:124:public int getLikesCount()
    132:132:public int getCommentsCount()
com.constantlab.wpconnect.core.data.model.User:
    39:39:public long getId()
com.constantlab.wpconnect.core.data.model.YoutubePlaylist:
    54:55:public void setTitle(java.lang.String)
    62:63:public void setId(java.lang.String)
    66:66:public java.lang.String getDescription()
    70:71:public void setDescription(java.lang.String)
    74:74:public java.lang.String getThumbUrl()
    78:79:public void setThumbUrl(java.lang.String)
    86:87:public void setImage(java.lang.String)
    90:90:public java.lang.String getChannel()
    94:95:public void setChannel(java.lang.String)
com.constantlab.wpconnect.core.data.model.YoutubeVideo:
    96:96:public java.lang.String getChannel()
com.constantlab.wpconnect.core.data.network.RetrofitServiceFactory:
    private static final int HTTP_READ_TIMEOUT
    private static final int HTTP_CONNECT_TIMEOUT
    19:19:public RetrofitServiceFactory()
    49:52:private static okhttp3.logging.HttpLoggingInterceptor makeLoggingInterceptor()
com.constantlab.wpconnect.core.data.network.WpConnectService:
    public abstract retrofit2.Call getNavigation(java.lang.String)
com.constantlab.wpconnect.core.ui.contracts.CategoriesContract$ViewActions
com.constantlab.wpconnect.core.ui.contracts.CommentsContract$ViewActions
com.constantlab.wpconnect.core.ui.contracts.CustomCategoryContract$ViewActions
com.constantlab.wpconnect.core.ui.contracts.FacebookContract$ViewActions
...
android.support.annotation.AnyThread
android.support.annotation.ArrayRes
android.support.annotation.AttrRes
android.support.annotation.BinderThread
android.support.annotation.BoolRes
android.support.annotation.CallSuper
android.support.annotation.CheckResult
android.support.annotation.ColorInt
android.support.annotation.ColorLong
android.support.annotation.ColorRes
android.support.annotation.DimenRes
android.support.annotation.Dimension
android.support.annotation.DrawableRes
android.support.annotation.FloatRange
android.support.annotation.FontRes
android.support.annotation.FractionRes
android.support.annotation.GuardedBy
android.support.annotation.HalfFloat
android.support.annotation.IdRes
android.support.annotation.IntDef
android.support.annotation.IntRange
android.support.annotation.IntegerRes
android.support.annotation.InterpolatorRes
android.support.annotation.LayoutRes
android.support.annotation.MainThread
android.support.annotation.MenuRes
android.support.annotation.NonNull
android.support.annotation.Nullable
android.support.annotation.PluralsRes
android.support.annotation.Px
android.support.annotation.RawRes
android.support.annotation.RequiresApi
android.support.annotation.RequiresPermission
android.support.annotation.RequiresPermission$Read
android.support.annotation.RequiresPermission$Write
android.support.annotation.RestrictTo
android.support.annotation.RestrictTo$Scope
android.support.annotation.Size
android.support.annotation.StringDef
android.support.annotation.StringRes
android.support.annotation.StyleRes
android.support.annotation.StyleableRes
android.support.annotation.TransitionRes
android.support.annotation.UiThread
android.support.annotation.VisibleForTesting
android.support.annotation.WorkerThread
android.support.annotation.XmlRes
android.support.compat.BuildConfig
android.support.compat.R:
    9:9:public R()
android.support.compat.R$attr
android.support.compat.R$bool
android.support.compat.R$color
android.support.compat.R$dimen
android.support.compat.R$drawable
android.support.compat.R$id
android.support.compat.R$integer
android.support.compat.R$layout
android.support.compat.R$string
android.support.compat.R$style
android.support.compat.R$styleable:
    116:116:public R$styleable()
android.support.constraint.BuildConfig
android.support.constraint.ConstraintLayout:
    static final boolean ALLOWS_EMBEDDED
    public static final java.lang.String VERSION
    private static final java.lang.String TAG
    private static final boolean SIMPLE_LAYOUT
android.support.constraint.ConstraintLayout$LayoutParams:
    public static final int MATCH_CONSTRAINT
    public static final int PARENT_ID
    public static final int UNSET
    public static final int HORIZONTAL
    public static final int VERTICAL
    public static final int LEFT
    public static final int RIGHT
    public static final int TOP
    public static final int BOTTOM
    public static final int BASELINE
    public static final int START
    public static final int END
    public static final int MATCH_CONSTRAINT_WRAP
    public static final int MATCH_CONSTRAINT_SPREAD
    public static final int CHAIN_SPREAD
    public static final int CHAIN_SPREAD_INSIDE
    public static final int CHAIN_PACKED
    1355:1659:public ConstraintLayout$LayoutParams(android.support.constraint.ConstraintLayout$LayoutParams)